<?xml version="1.0" encoding="UTF-8"?>
<!-- Generated by org.testng.reporters.JUnitReportReporter -->
<testsuite hostname="LAAHABANA.local" name="com.ahabana.Main" tests="77" failures="1" timestamp="8 Mar 2016 05:03:47 GMT" time="266.414" errors="0">
  <testcase name="test" time="1.929" classname="com.ahabana.Main"/>
  <testcase name="test" time="1.782" classname="com.ahabana.Main"/>
  <testcase name="test" time="3.572" classname="com.ahabana.Main"/>
  <testcase name="test" time="59.362" classname="com.ahabana.Main"/>
  <testcase name="test" time="1.465" classname="com.ahabana.Main"/>
  <testcase name="test" time="2.015" classname="com.ahabana.Main"/>
  <testcase name="test" time="1.980" classname="com.ahabana.Main"/>
  <testcase name="test" time="1.699" classname="com.ahabana.Main"/>
  <testcase name="test" time="1.597" classname="com.ahabana.Main"/>
  <testcase name="test" time="1.683" classname="com.ahabana.Main"/>
  <testcase name="test" time="20.066" classname="com.ahabana.Main">
    <failure type="java.lang.AssertionError" message="null">
      <![CDATA[java.lang.AssertionError: null
	at org.testng.Assert.fail(Assert.java:94)
	at org.testng.Assert.fail(Assert.java:101)
	at com.ahabana.Browser.validateCamry(Browser.java:57)
	at com.ahabana.Main.test(Main.java:19)
	at sun.reflect.NativeMethodAccessorImpl.invoke0(Native Method)
	at sun.reflect.NativeMethodAccessorImpl.invoke(NativeMethodAccessorImpl.java:62)
	at sun.reflect.DelegatingMethodAccessorImpl.invoke(DelegatingMethodAccessorImpl.java:43)
	at java.lang.reflect.Method.invoke(Method.java:497)
	at org.testng.internal.MethodInvocationHelper.invokeMethod(MethodInvocationHelper.java:86)
	at org.testng.internal.Invoker.invokeMethod(Invoker.java:643)
	at org.testng.internal.Invoker.invokeTestMethod(Invoker.java:820)
	at org.testng.internal.Invoker.invokeTestMethods(Invoker.java:1128)
	at org.testng.internal.TestMethodWorker.invokeTestMethods(TestMethodWorker.java:129)
	at org.testng.internal.TestMethodWorker.run(TestMethodWorker.java:112)
	at org.testng.TestRunner.privateRun(TestRunner.java:782)
	at org.testng.TestRunner.run(TestRunner.java:632)
	at org.testng.SuiteRunner.runTest(SuiteRunner.java:366)
	at org.testng.SuiteRunner.runSequentially(SuiteRunner.java:361)
	at org.testng.SuiteRunner.privateRun(SuiteRunner.java:319)
	at org.testng.SuiteRunner.run(SuiteRunner.java:268)
	at org.testng.SuiteRunnerWorker.runSuite(SuiteRunnerWorker.java:52)
	at org.testng.SuiteRunnerWorker.run(SuiteRunnerWorker.java:86)
	at org.testng.TestNG.runSuitesSequentially(TestNG.java:1244)
	at org.testng.TestNG.runSuitesLocally(TestNG.java:1169)
	at org.testng.TestNG.run(TestNG.java:1064)
	at org.testng.TestNG.privateMain(TestNG.java:1385)
	at org.testng.TestNG.main(TestNG.java:1354)
]]>
    </failure>
  </testcase> <!-- test -->
  <testcase name="test" time="1.801" classname="com.ahabana.Main"/>
  <testcase name="test" time="2.392" classname="com.ahabana.Main"/>
  <testcase name="test" time="3.910" classname="com.ahabana.Main"/>
  <testcase name="test" time="1.913" classname="com.ahabana.Main"/>
  <testcase name="test" time="6.903" classname="com.ahabana.Main"/>
  <testcase name="test" time="3.608" classname="com.ahabana.Main"/>
  <testcase name="test" time="1.770" classname="com.ahabana.Main"/>
  <testcase name="test" time="1.679" classname="com.ahabana.Main"/>
  <testcase name="test" time="3.025" classname="com.ahabana.Main"/>
  <testcase name="test" time="1.962" classname="com.ahabana.Main"/>
  <testcase name="test" time="1.850" classname="com.ahabana.Main"/>
  <testcase name="test" time="2.365" classname="com.ahabana.Main"/>
  <testcase name="test" time="1.685" classname="com.ahabana.Main"/>
  <testcase name="test" time="1.743" classname="com.ahabana.Main"/>
  <testcase name="test" time="1.843" classname="com.ahabana.Main"/>
  <testcase name="test" time="1.722" classname="com.ahabana.Main"/>
  <testcase name="test" time="1.730" classname="com.ahabana.Main"/>
  <testcase name="test" time="2.404" classname="com.ahabana.Main"/>
  <testcase name="test" time="2.719" classname="com.ahabana.Main"/>
  <testcase name="test" time="5.459" classname="com.ahabana.Main"/>
  <testcase name="test" time="2.317" classname="com.ahabana.Main"/>
  <testcase name="test" time="8.009" classname="com.ahabana.Main"/>
  <testcase name="test" time="2.496" classname="com.ahabana.Main"/>
  <testcase name="test" time="3.666" classname="com.ahabana.Main"/>
  <testcase name="test" time="2.729" classname="com.ahabana.Main"/>
  <testcase name="test" time="2.664" classname="com.ahabana.Main"/>
  <testcase name="test" time="2.196" classname="com.ahabana.Main"/>
  <testcase name="test" time="1.699" classname="com.ahabana.Main"/>
  <testcase name="test" time="3.377" classname="com.ahabana.Main"/>
  <testcase name="test" time="2.428" classname="com.ahabana.Main"/>
  <testcase name="test" time="1.827" classname="com.ahabana.Main"/>
  <testcase name="test" time="1.601" classname="com.ahabana.Main"/>
  <testcase name="test" time="1.745" classname="com.ahabana.Main"/>
  <testcase name="test" time="4.144" classname="com.ahabana.Main"/>
  <testcase name="test" time="2.136" classname="com.ahabana.Main"/>
  <testcase name="test" time="1.681" classname="com.ahabana.Main"/>
  <testcase name="test" time="2.383" classname="com.ahabana.Main"/>
  <testcase name="test" time="1.580" classname="com.ahabana.Main"/>
  <testcase name="test" time="1.991" classname="com.ahabana.Main"/>
  <testcase name="test" time="1.647" classname="com.ahabana.Main"/>
  <testcase name="test" time="1.691" classname="com.ahabana.Main"/>
  <testcase name="test" time="2.582" classname="com.ahabana.Main"/>
  <testcase name="test" time="1.507" classname="com.ahabana.Main"/>
  <testcase name="test" time="1.860" classname="com.ahabana.Main"/>
  <testcase name="test" time="2.792" classname="com.ahabana.Main"/>
  <testcase name="test" time="2.534" classname="com.ahabana.Main"/>
  <testcase name="test" time="1.701" classname="com.ahabana.Main"/>
  <testcase name="test" time="1.639" classname="com.ahabana.Main"/>
  <testcase name="test" time="5.005" classname="com.ahabana.Main"/>
  <testcase name="test" time="2.227" classname="com.ahabana.Main"/>
  <testcase name="test" time="3.398" classname="com.ahabana.Main"/>
  <testcase name="test" time="1.696" classname="com.ahabana.Main"/>
  <testcase name="test" time="2.269" classname="com.ahabana.Main"/>
  <testcase name="test" time="1.946" classname="com.ahabana.Main"/>
  <testcase name="test" time="2.214" classname="com.ahabana.Main"/>
  <testcase name="test" time="2.294" classname="com.ahabana.Main"/>
  <testcase name="test" time="2.083" classname="com.ahabana.Main"/>
  <testcase name="test" time="1.771" classname="com.ahabana.Main"/>
  <testcase name="test" time="2.425" classname="com.ahabana.Main"/>
  <testcase name="test" time="2.929" classname="com.ahabana.Main"/>
  <testcase name="test" time="5.226" classname="com.ahabana.Main"/>
  <testcase name="test" time="2.192" classname="com.ahabana.Main"/>
  <testcase name="test" time="1.733" classname="com.ahabana.Main"/>
  <testcase name="test" time="4.402" classname="com.ahabana.Main"/>
  <testcase name="test" time="2.280" classname="com.ahabana.Main"/>
  <testcase name="test" time="2.069" classname="com.ahabana.Main"/>
</testsuite> <!-- com.ahabana.Main -->
